<?xml version="1.0" encoding="UTF-8"?>
<!-- Generated by org.testng.reporters.JUnitXMLReporter -->
<testsuite ignored="1" hostname="DESKTOP-KV5U899" failures="0" tests="1" name="Default test" time="37.275" errors="0" timestamp="2024-12-09T18:14:33 IST">
  <testcase classname="test.ProductDetailViewTest" name="VerifyIfProdutDetailsAreCorrectIfViewInQuickView" time="18.07"/>
  <testcase classname="test.ProductDetailViewTest" name="VerifyAddProductToCartUsingProductDetailPage" time="0.0">
    <ignored/>
  </testcase> <!-- VerifyAddProductToCartUsingProductDetailPage -->
</testsuite> <!-- Default test -->
